#
# There is insufficient memory for the Java Runtime Environment to continue.
# Native memory allocation (mmap) failed to map 32505856 bytes for Failed to commit area from 0x000000008a400000 to 0x000000008c300000 of length 32505856.
# Possible reasons:
#   The system is out of physical RAM or swap space
#   The process is running with CompressedOops enabled, and the Java Heap may be blocking the growth of the native heap
# Possible solutions:
#   Reduce memory load on the system
#   Increase physical memory or swap space
#   Check if swap backing store is full
#   Decrease Java heap size (-Xmx/-Xms)
#   Decrease number of Java threads
#   Decrease Java thread stack sizes (-Xss)
#   Set larger code cache with -XX:ReservedCodeCacheSize=
#   JVM is running with Unscaled Compressed Oops mode in which the Java heap is
#     placed in the first 4GB address space. The Java Heap base address is the
#     maximum limit for the native heap growth. Please use -XX:HeapBaseMinAddress
#     to set the Java Heap base and to place the Java Heap above 4GB virtual address.
# This output file may be truncated or incomplete.
#
#  Out of Memory Error (t:/workspace/open/src/hotspot/os/windows/os_windows.cpp:3269), pid=13676, tid=15592
#
# JRE version: Java(TM) SE Runtime Environment (11.0.2+9) (build 11.0.2+9-LTS)
# Java VM: Java HotSpot(TM) 64-Bit Server VM (11.0.2+9-LTS, mixed mode, tiered, compressed oops, g1 gc, windows-amd64)
# No core dump will be written. Minidumps are not enabled by default on client versions of Windows
#

---------------  S U M M A R Y ------------

Command Line: -Dfile.encoding=UTF-8 com.zio.main.Main

Host: Intel(R) Core(TM) i5-3470 CPU @ 3.20GHz, 4 cores, 7G,  Windows 10 , 64 bit Build 18362 (10.0.18362.1082)
Time: Thu Dec  3 13:51:01 2020 ?rodkowoeuropejski czas stand. elapsed time: 6 seconds (0d 0h 0m 6s)

---------------  T H R E A D  ---------------

Current thread (0x000001d86758f800):  VMThread "VM Thread" [stack: 0x0000000887300000,0x0000000887400000] [id=15592]

Stack: [0x0000000887300000,0x0000000887400000]
[error occurred during error reporting (printing stack bounds), id 0xc0000005, EXCEPTION_ACCESS_VIOLATION (0xc0000005) at pc=0x000001d8514f0bad]

Native frames: (J=compiled Java code, j=interpreted, Vv=VM code, C=native code)
V  [jvm.dll+0x63574a]
V  [jvm.dll+0x77326f]
V  [jvm.dll+0x77491a]
V  [jvm.dll+0x774f35]
V  [jvm.dll+0x774eeb]
V  [jvm.dll+0x634e56]
V  [jvm.dll+0x635218]
C  [ntdll.dll+0xa11cf]
C  [ntdll.dll+0x6a209]
C  [ntdll.dll+0x9fe3e]
C  0x000001d8514f0bad

VM_Operation (0x0000000886dfc6f0): CollectForMetadataAllocation, mode: safepoint, requested by thread 0x000001d8491da800


---------------  P R O C E S S  ---------------

Threads class SMR info:
_java_thread_list=0x000001d86e26eac0, length=23, elements={
0x000001d8491da800, 0x000001d867592800, 0x000001d867594000, 0x000001d867f32800,
0x000001d867f33000, 0x000001d8675d6000, 0x000001d8675d9000, 0x000001d8675de000,
0x000001d8681eb000, 0x000001d8680a4000, 0x000001d8684e4000, 0x000001d86dc68800,
0x000001d86dc87000, 0x000001d86dc88000, 0x000001d86bc87800, 0x000001d86bc88000,
0x000001d86e053800, 0x000001d86e054800, 0x000001d8697f7800, 0x000001d86e36b800,
0x000001d86e61a800, 0x000001d86e84e000, 0x000001d86e84a000
}

Java Threads: ( => current thread )
  0x000001d8491da800 JavaThread "main" [_thread_blocked, id=5512, stack(0x0000000886d00000,0x0000000886e00000)]
  0x000001d867592800 JavaThread "Reference Handler" daemon [_thread_blocked, id=14068, stack(0x0000000887400000,0x0000000887500000)]
  0x000001d867594000 JavaThread "Finalizer" daemon [_thread_blocked, id=12240, stack(0x0000000887500000,0x0000000887600000)]
  0x000001d867f32800 JavaThread "Signal Dispatcher" daemon [_thread_blocked, id=14812, stack(0x0000000887600000,0x0000000887700000)]
  0x000001d867f33000 JavaThread "Attach Listener" daemon [_thread_blocked, id=636, stack(0x0000000887700000,0x0000000887800000)]
  0x000001d8675d6000 JavaThread "C2 CompilerThread0" daemon [_thread_in_native, id=15496, stack(0x0000000887800000,0x0000000887900000)]
  0x000001d8675d9000 JavaThread "C1 CompilerThread0" daemon [_thread_blocked, id=4516, stack(0x0000000887900000,0x0000000887a00000)]
  0x000001d8675de000 JavaThread "Sweeper thread" daemon [_thread_blocked, id=12452, stack(0x0000000887a00000,0x0000000887b00000)]
  0x000001d8681eb000 JavaThread "Service Thread" daemon [_thread_blocked, id=3340, stack(0x0000000887b00000,0x0000000887c00000)]
  0x000001d8680a4000 JavaThread "Common-Cleaner" daemon [_thread_blocked, id=13316, stack(0x0000000887d00000,0x0000000887e00000)]
  0x000001d8684e4000 JavaThread "C2 CompilerThread1" daemon [_thread_blocked, id=8076, stack(0x0000000887e00000,0x0000000887f00000)]
  0x000001d86dc68800 JavaThread "qtp277130309-16" [_thread_blocked, id=7488, stack(0x0000000888100000,0x0000000888200000)]
  0x000001d86dc87000 JavaThread "qtp277130309-17" [_thread_blocked, id=2768, stack(0x0000000888200000,0x0000000888300000)]
  0x000001d86dc88000 JavaThread "qtp277130309-18" [_thread_blocked, id=15784, stack(0x0000000888400000,0x0000000888500000)]
  0x000001d86bc87800 JavaThread "qtp277130309-19" [_thread_blocked, id=4476, stack(0x0000000888500000,0x0000000888600000)]
  0x000001d86bc88000 JavaThread "qtp277130309-20" [_thread_blocked, id=13136, stack(0x0000000888600000,0x0000000888700000)]
  0x000001d86e053800 JavaThread "qtp277130309-21" [_thread_blocked, id=2292, stack(0x0000000888700000,0x0000000888800000)]
  0x000001d86e054800 JavaThread "qtp277130309-22" [_thread_blocked, id=4376, stack(0x0000000888800000,0x0000000888900000)]
  0x000001d8697f7800 JavaThread "qtp277130309-23" [_thread_blocked, id=9400, stack(0x0000000888900000,0x0000000888a00000)]
  0x000001d86e36b800 JavaThread "Session-HouseKeeper-36c07c75-1" [_thread_blocked, id=13124, stack(0x0000000888a00000,0x0000000888b00000)]
  0x000001d86e61a800 JavaThread "mysql-cj-abandoned-connection-cleanup" daemon [_thread_blocked, id=10320, stack(0x0000000888b00000,0x0000000888c00000)]
  0x000001d86e84e000 JavaThread "HikariPool-1 housekeeper" daemon [_thread_blocked, id=9880, stack(0x0000000888d00000,0x0000000888e00000)]
  0x000001d86e84a000 JavaThread "HikariPool-1 connection adder" daemon [_thread_blocked, id=7964, stack(0x0000000888e00000,0x0000000888f00000)]

Other Threads:
=>0x000001d86758f800 VMThread "VM Thread" [stack: 0x0000000887300000,0x0000000887400000] [id=15592]
  0x000001d8680a3000 WatcherThread [stack: 0x0000000887c00000,0x0000000887d00000] [id=13464]
  0x000001d8491f1800 GCTaskThread "GC Thread#0" [stack: 0x0000000886e00000,0x0000000886f00000] [id=15536]
  0x000001d86873f800 GCTaskThread "GC Thread#1" [stack: 0x0000000887f00000,0x0000000888000000] [id=10368]
  0x000001d868ac3000 GCTaskThread "GC Thread#2" [stack: 0x0000000888000000,0x0000000888100000] [id=8692]
  0x000001d869764800 GCTaskThread "GC Thread#3" [stack: 0x0000000888300000,0x0000000888400000] [id=15588]
  0x000001d849223000 ConcurrentGCThread "G1 Main Marker" [stack: 0x0000000886f00000,0x0000000887000000] [id=16252]
  0x000001d849225800 ConcurrentGCThread "G1 Conc#0" [stack: 0x0000000887000000,0x0000000887100000] [id=9900]
  0x000001d8673fc800 ConcurrentGCThread "G1 Refine#0" [stack: 0x0000000887100000,0x0000000887200000] [id=13592]
  0x000001d8673fd000 ConcurrentGCThread "G1 Young RemSet Sampling" [stack: 0x0000000887200000,0x0000000887300000] [id=11876]

Threads with active compile tasks:
C2 CompilerThread04868   !   4       jdk.internal.loader.Resource::getBytes (242 bytes)
C2 CompilerThread14877       4       jdk.internal.loader.BuiltinClassLoader::isSealed (70 bytes)

VM state:at safepoint (normal execution)

VM Mutex/Monitor currently owned by a thread:  ([mutex/lock_event])
[0x000001d8491d83e0] Threads_lock - owner thread: 0x000001d86758f800
[0x000001d8491d9160] Heap_lock - owner thread: 0x000001d8491da800

Heap address: 0x0000000080a00000, size: 2038 MB, Compressed Oops mode: 32-bit
Narrow klass base: 0x0000000000000000, Narrow klass shift: 3
Compressed class space size: 1073741824 Address: 0x0000000100000000

Heap:
 garbage-first heap   total 189440K, used 22586K [0x0000000080a00000, 0x0000000100000000)
  region size 1024K, 6 young (6144K), 6 survivors (6144K)
 Metaspace       used 58736K, capacity 60021K, committed 60160K, reserved 1101824K
  class space    used 7382K, capacity 7914K, committed 7936K, reserved 1048576K
Heap Regions: E=young(eden), S=young(survivor), O=old, HS=humongous(starts), HC=humongous(continues), CS=collection set, F=free, A=archive, TAMS=top-at-mark-start (previous, next)
|   0|0x0000000080a00000, 0x0000000080b00000, 0x0000000080b00000|100%| O|  |TAMS 0x0000000080b00000, 0x0000000080b00000| Untracked 
|   1|0x0000000080b00000, 0x0000000080c00000, 0x0000000080c00000|100%| O|  |TAMS 0x0000000080c00000, 0x0000000080c00000| Untracked 
|   2|0x0000000080c00000, 0x0000000080d00000, 0x0000000080d00000|100%| O|  |TAMS 0x0000000080d00000, 0x0000000080d00000| Untracked 
|   3|0x0000000080d00000, 0x0000000080e00000, 0x0000000080e00000|100%| O|  |TAMS 0x0000000080e00000, 0x0000000080e00000| Untracked 
|   4|0x0000000080e00000, 0x0000000080f00000, 0x0000000080f00000|100%| O|  |TAMS 0x0000000080f00000, 0x0000000080f00000| Untracked 
|   5|0x0000000080f00000, 0x0000000081000000, 0x0000000081000000|100%| O|  |TAMS 0x0000000081000000, 0x0000000081000000| Untracked 
|   6|0x0000000081000000, 0x0000000081100000, 0x0000000081100000|100%| O|  |TAMS 0x0000000081100000, 0x0000000081100000| Untracked 
|   7|0x0000000081100000, 0x0000000081200000, 0x0000000081200000|100%| O|  |TAMS 0x00000000811eba00, 0x0000000081200000| Untracked 
|   8|0x0000000081200000, 0x0000000081300000, 0x0000000081300000|100%| O|  |TAMS 0x0000000081200000, 0x0000000081300000| Untracked 
|   9|0x0000000081300000, 0x0000000081400000, 0x0000000081400000|100%| O|  |TAMS 0x0000000081300000, 0x0000000081400000| Untracked 
|  10|0x0000000081400000, 0x0000000081500000, 0x0000000081500000|100%| O|  |TAMS 0x0000000081400000, 0x0000000081500000| Untracked 
|  11|0x0000000081500000, 0x0000000081600000, 0x0000000081600000|100%| O|  |TAMS 0x0000000081500000, 0x0000000081600000| Untracked 
|  12|0x0000000081600000, 0x0000000081700000, 0x0000000081700000|100%| O|  |TAMS 0x0000000081600000, 0x0000000081700000| Untracked 
|  13|0x0000000081700000, 0x0000000081800000, 0x0000000081800000|100%| O|  |TAMS 0x0000000081700000, 0x0000000081800000| Untracked 
|  14|0x0000000081800000, 0x0000000081900000, 0x0000000081900000|100%| O|  |TAMS 0x0000000081800000, 0x0000000081900000| Untracked 
|  15|0x0000000081900000, 0x0000000081a00000, 0x0000000081a00000|100%| O|  |TAMS 0x0000000081900000, 0x0000000081a00000| Untracked 
|  16|0x0000000081a00000, 0x0000000081a93200, 0x0000000081b00000| 57%| O|  |TAMS 0x0000000081a00000, 0x0000000081a93200| Untracked 
|  17|0x0000000081b00000, 0x0000000081b00000, 0x0000000081c00000|  0%| F|  |TAMS 0x0000000081b00000, 0x0000000081b00000| Untracked 
|  18|0x0000000081c00000, 0x0000000081c00000, 0x0000000081d00000|  0%| F|  |TAMS 0x0000000081c00000, 0x0000000081c00000| Untracked 
|  19|0x0000000081d00000, 0x0000000081d00000, 0x0000000081e00000|  0%| F|  |TAMS 0x0000000081d00000, 0x0000000081d00000| Untracked 
|  20|0x0000000081e00000, 0x0000000081e00000, 0x0000000081f00000|  0%| F|  |TAMS 0x0000000081e00000, 0x0000000081e00000| Untracked 
|  21|0x0000000081f00000, 0x0000000081f00000, 0x0000000082000000|  0%| F|  |TAMS 0x0000000081f00000, 0x0000000081f00000| Untracked 
|  22|0x0000000082000000, 0x0000000082000000, 0x0000000082100000|  0%| F|  |TAMS 0x0000000082000000, 0x0000000082000000| Untracked 
|  23|0x0000000082100000, 0x0000000082100000, 0x0000000082200000|  0%| F|  |TAMS 0x0000000082100000, 0x0000000082100000| Untracked 
|  24|0x0000000082200000, 0x0000000082200000, 0x0000000082300000|  0%| F|  |TAMS 0x0000000082200000, 0x0000000082200000| Untracked 
|  25|0x0000000082300000, 0x0000000082300000, 0x0000000082400000|  0%| F|  |TAMS 0x0000000082300000, 0x0000000082300000| Untracked 
|  26|0x0000000082400000, 0x0000000082400000, 0x0000000082500000|  0%| F|  |TAMS 0x0000000082400000, 0x0000000082400000| Untracked 
|  27|0x0000000082500000, 0x0000000082500000, 0x0000000082600000|  0%| F|  |TAMS 0x0000000082500000, 0x0000000082500000| Untracked 
|  28|0x0000000082600000, 0x0000000082600000, 0x0000000082700000|  0%| F|  |TAMS 0x0000000082600000, 0x0000000082600000| Untracked 
|  29|0x0000000082700000, 0x0000000082700000, 0x0000000082800000|  0%| F|  |TAMS 0x0000000082700000, 0x0000000082700000| Untracked 
|  30|0x0000000082800000, 0x0000000082800000, 0x0000000082900000|  0%| F|  |TAMS 0x0000000082800000, 0x0000000082800000| Untracked 
|  31|0x0000000082900000, 0x0000000082900000, 0x0000000082a00000|  0%| F|  |TAMS 0x0000000082900000, 0x0000000082900000| Untracked 
|  32|0x0000000082a00000, 0x0000000082a00000, 0x0000000082b00000|  0%| F|  |TAMS 0x0000000082a00000, 0x0000000082a00000| Untracked 
|  33|0x0000000082b00000, 0x0000000082b00000, 0x0000000082c00000|  0%| F|  |TAMS 0x0000000082b00000, 0x0000000082b00000| Untracked 
|  34|0x0000000082c00000, 0x0000000082c00000, 0x0000000082d00000|  0%| F|  |TAMS 0x0000000082c00000, 0x0000000082c00000| Untracked 
|  35|0x0000000082d00000, 0x0000000082d00000, 0x0000000082e00000|  0%| F|  |TAMS 0x0000000082d00000, 0x0000000082d00000| Untracked 
|  36|0x0000000082e00000, 0x0000000082e00000, 0x0000000082f00000|  0%| F|  |TAMS 0x0000000082e00000, 0x0000000082e00000| Untracked 
|  37|0x0000000082f00000, 0x0000000082f00000, 0x0000000083000000|  0%| F|  |TAMS 0x0000000082f00000, 0x0000000082f00000| Untracked 
|  38|0x0000000083000000, 0x0000000083000000, 0x0000000083100000|  0%| F|  |TAMS 0x0000000083000000, 0x0000000083000000| Untracked 
|  39|0x0000000083100000, 0x0000000083100000, 0x0000000083200000|  0%| F|  |TAMS 0x0000000083100000, 0x0000000083100000| Untracked 
|  40|0x0000000083200000, 0x0000000083200000, 0x0000000083300000|  0%| F|  |TAMS 0x0000000083200000, 0x0000000083200000| Untracked 
|  41|0x0000000083300000, 0x0000000083300000, 0x0000000083400000|  0%| F|  |TAMS 0x0000000083300000, 0x0000000083300000| Untracked 
|  42|0x0000000083400000, 0x0000000083400000, 0x0000000083500000|  0%| F|  |TAMS 0x0000000083400000, 0x0000000083400000| Untracked 
|  43|0x0000000083500000, 0x0000000083500000, 0x0000000083600000|  0%| F|  |TAMS 0x0000000083500000, 0x0000000083500000| Untracked 
|  44|0x0000000083600000, 0x0000000083600000, 0x0000000083700000|  0%| F|  |TAMS 0x0000000083600000, 0x0000000083600000| Untracked 
|  45|0x0000000083700000, 0x0000000083700000, 0x0000000083800000|  0%| F|  |TAMS 0x0000000083700000, 0x0000000083700000| Untracked 
|  46|0x0000000083800000, 0x0000000083800000, 0x0000000083900000|  0%| F|  |TAMS 0x0000000083800000, 0x0000000083800000| Untracked 
|  47|0x0000000083900000, 0x0000000083900000, 0x0000000083a00000|  0%| F|  |TAMS 0x0000000083900000, 0x0000000083900000| Untracked 
|  48|0x0000000083a00000, 0x0000000083a00000, 0x0000000083b00000|  0%| F|  |TAMS 0x0000000083a00000, 0x0000000083a00000| Untracked 
|  49|0x0000000083b00000, 0x0000000083b00000, 0x0000000083c00000|  0%| F|  |TAMS 0x0000000083b00000, 0x0000000083b00000| Untracked 
|  50|0x0000000083c00000, 0x0000000083c00000, 0x0000000083d00000|  0%| F|  |TAMS 0x0000000083c00000, 0x0000000083c00000| Untracked 
|  51|0x0000000083d00000, 0x0000000083d00000, 0x0000000083e00000|  0%| F|  |TAMS 0x0000000083d00000, 0x0000000083d00000| Untracked 
|  52|0x0000000083e00000, 0x0000000083e00000, 0x0000000083f00000|  0%| F|  |TAMS 0x0000000083e00000, 0x0000000083e00000| Untracked 
|  53|0x0000000083f00000, 0x0000000083f00000, 0x0000000084000000|  0%| F|  |TAMS 0x0000000083f00000, 0x0000000083f00000| Untracked 
|  54|0x0000000084000000, 0x0000000084000000, 0x0000000084100000|  0%| F|  |TAMS 0x0000000084000000, 0x0000000084000000| Untracked 
|  55|0x0000000084100000, 0x0000000084100000, 0x0000000084200000|  0%| F|  |TAMS 0x0000000084100000, 0x0000000084100000| Untracked 
|  56|0x0000000084200000, 0x0000000084200000, 0x0000000084300000|  0%| F|  |TAMS 0x0000000084200000, 0x0000000084200000| Untracked 
|  57|0x0000000084300000, 0x0000000084300000, 0x0000000084400000|  0%| F|  |TAMS 0x0000000084300000, 0x0000000084300000| Untracked 
|  58|0x0000000084400000, 0x0000000084400000, 0x0000000084500000|  0%| F|  |TAMS 0x0000000084400000, 0x0000000084400000| Untracked 
|  59|0x0000000084500000, 0x0000000084500000, 0x0000000084600000|  0%| F|  |TAMS 0x0000000084500000, 0x0000000084500000| Untracked 
|  60|0x0000000084600000, 0x0000000084600000, 0x0000000084700000|  0%| F|  |TAMS 0x0000000084600000, 0x0000000084600000| Untracked 
|  61|0x0000000084700000, 0x0000000084700000, 0x0000000084800000|  0%| F|  |TAMS 0x0000000084700000, 0x0000000084700000| Untracked 
|  62|0x0000000084800000, 0x0000000084800000, 0x0000000084900000|  0%| F|  |TAMS 0x0000000084800000, 0x0000000084800000| Untracked 
|  63|0x0000000084900000, 0x0000000084900000, 0x0000000084a00000|  0%| F|  |TAMS 0x0000000084900000, 0x0000000084900000| Untracked 
|  64|0x0000000084a00000, 0x0000000084a00000, 0x0000000084b00000|  0%| F|  |TAMS 0x0000000084a00000, 0x0000000084a00000| Untracked 
|  65|0x0000000084b00000, 0x0000000084b00000, 0x0000000084c00000|  0%| F|  |TAMS 0x0000000084b00000, 0x0000000084b00000| Untracked 
|  66|0x0000000084c00000, 0x0000000084c00000, 0x0000000084d00000|  0%| F|  |TAMS 0x0000000084c00000, 0x0000000084c00000| Untracked 
|  67|0x0000000084d00000, 0x0000000084d00000, 0x0000000084e00000|  0%| F|  |TAMS 0x0000000084d00000, 0x0000000084d00000| Untracked 
|  68|0x0000000084e00000, 0x0000000084e00000, 0x0000000084f00000|  0%| F|  |TAMS 0x0000000084e00000, 0x0000000084e00000| Untracked 
|  69|0x0000000084f00000, 0x0000000084f00000, 0x0000000085000000|  0%| F|  |TAMS 0x0000000084f00000, 0x0000000084f00000| Untracked 
|  70|0x0000000085000000, 0x0000000085000000, 0x0000000085100000|  0%| F|  |TAMS 0x0000000085000000, 0x0000000085000000| Untracked 
|  71|0x0000000085100000, 0x0000000085100000, 0x0000000085200000|  0%| F|  |TAMS 0x0000000085100000, 0x0000000085100000| Untracked 
|  72|0x0000000085200000, 0x0000000085200000, 0x0000000085300000|  0%| F|  |TAMS 0x0000000085200000, 0x0000000085200000| Untracked 
|  73|0x0000000085300000, 0x0000000085300000, 0x0000000085400000|  0%| F|  |TAMS 0x0000000085300000, 0x0000000085300000| Untracked 
|  74|0x0000000085400000, 0x0000000085400000, 0x0000000085500000|  0%| F|  |TAMS 0x0000000085400000, 0x0000000085400000| Untracked 
|  75|0x0000000085500000, 0x0000000085500000, 0x0000000085600000|  0%| F|  |TAMS 0x0000000085500000, 0x0000000085500000| Untracked 
|  76|0x0000000085600000, 0x0000000085600000, 0x0000000085700000|  0%| F|  |TAMS 0x0000000085600000, 0x0000000085600000| Untracked 
|  77|0x0000000085700000, 0x0000000085700000, 0x0000000085800000|  0%| F|  |TAMS 0x0000000085700000, 0x0000000085700000| Untracked 
|  78|0x0000000085800000, 0x0000000085800000, 0x0000000085900000|  0%| F|  |TAMS 0x0000000085800000, 0x0000000085800000| Untracked 
|  79|0x0000000085900000, 0x0000000085900000, 0x0000000085a00000|  0%| F|  |TAMS 0x0000000085900000, 0x0000000085900000| Untracked 
|  80|0x0000000085a00000, 0x0000000085a00000, 0x0000000085b00000|  0%| F|  |TAMS 0x0000000085a00000, 0x0000000085a00000| Untracked 
|  81|0x0000000085b00000, 0x0000000085b00000, 0x0000000085c00000|  0%| F|  |TAMS 0x0000000085b00000, 0x0000000085b00000| Untracked 
|  82|0x0000000085c00000, 0x0000000085c00000, 0x0000000085d00000|  0%| F|  |TAMS 0x0000000085c00000, 0x0000000085c00000| Untracked 
|  83|0x0000000085d00000, 0x0000000085d00000, 0x0000000085e00000|  0%| F|  |TAMS 0x0000000085d00000, 0x0000000085d00000| Untracked 
|  84|0x0000000085e00000, 0x0000000085e00000, 0x0000000085f00000|  0%| F|  |TAMS 0x0000000085e00000, 0x0000000085e00000| Untracked 
|  85|0x0000000085f00000, 0x0000000085f00000, 0x0000000086000000|  0%| F|  |TAMS 0x0000000085f00000, 0x0000000085f00000| Untracked 
|  86|0x0000000086000000, 0x0000000086000000, 0x0000000086100000|  0%| F|  |TAMS 0x0000000086000000, 0x0000000086000000| Untracked 
|  87|0x0000000086100000, 0x0000000086100000, 0x0000000086200000|  0%| F|  |TAMS 0x0000000086100000, 0x0000000086100000| Untracked 
|  88|0x0000000086200000, 0x0000000086200000, 0x0000000086300000|  0%| F|  |TAMS 0x0000000086200000, 0x0000000086200000| Untracked 
|  89|0x0000000086300000, 0x0000000086300000, 0x0000000086400000|  0%| F|  |TAMS 0x0000000086300000, 0x0000000086300000| Untracked 
|  90|0x0000000086400000, 0x0000000086400000, 0x0000000086500000|  0%| F|  |TAMS 0x0000000086400000, 0x0000000086400000| Untracked 
|  91|0x0000000086500000, 0x0000000086500000, 0x0000000086600000|  0%| F|  |TAMS 0x0000000086500000, 0x0000000086500000| Untracked 
|  92|0x0000000086600000, 0x0000000086600000, 0x0000000086700000|  0%| F|  |TAMS 0x0000000086600000, 0x0000000086600000| Untracked 
|  93|0x0000000086700000, 0x0000000086700000, 0x0000000086800000|  0%| F|  |TAMS 0x0000000086700000, 0x0000000086700000| Untracked 
|  94|0x0000000086800000, 0x0000000086800000, 0x0000000086900000|  0%| F|  |TAMS 0x0000000086800000, 0x0000000086800000| Untracked 
|  95|0x0000000086900000, 0x0000000086900000, 0x0000000086a00000|  0%| F|  |TAMS 0x0000000086900000, 0x0000000086900000| Untracked 
|  96|0x0000000086a00000, 0x0000000086a00000, 0x0000000086b00000|  0%| F|  |TAMS 0x0000000086a00000, 0x0000000086a00000| Untracked 
|  97|0x0000000086b00000, 0x0000000086b00000, 0x0000000086c00000|  0%| F|  |TAMS 0x0000000086b00000, 0x0000000086b00000| Untracked 
|  98|0x0000000086c00000, 0x0000000086c00000, 0x0000000086d00000|  0%| F|  |TAMS 0x0000000086c00000, 0x0000000086c00000| Untracked 
|  99|0x0000000086d00000, 0x0000000086d00000, 0x0000000086e00000|  0%| F|  |TAMS 0x0000000086d00000, 0x0000000086d00000| Untracked 
| 100|0x0000000086e00000, 0x0000000086e00000, 0x0000000086f00000|  0%| F|  |TAMS 0x0000000086e00000, 0x0000000086e00000| Untracked 
| 101|0x0000000086f00000, 0x0000000086f00000, 0x0000000087000000|  0%| F|  |TAMS 0x0000000086f00000, 0x0000000086f00000| Untracked 
| 102|0x0000000087000000, 0x0000000087000000, 0x0000000087100000|  0%| F|  |TAMS 0x0000000087000000, 0x0000000087000000| Untracked 
| 103|0x0000000087100000, 0x0000000087100000, 0x0000000087200000|  0%| F|  |TAMS 0x0000000087100000, 0x0000000087100000| Untracked 
| 104|0x0000000087200000, 0x0000000087200000, 0x0000000087300000|  0%| F|  |TAMS 0x0000000087200000, 0x0000000087200000| Untracked 
| 105|0x0000000087300000, 0x0000000087300000, 0x0000000087400000|  0%| F|  |TAMS 0x0000000087300000, 0x0000000087300000| Untracked 
| 106|0x0000000087400000, 0x0000000087400000, 0x0000000087500000|  0%| F|  |TAMS 0x0000000087400000, 0x0000000087400000| Untracked 
| 107|0x0000000087500000, 0x0000000087500000, 0x0000000087600000|  0%| F|  |TAMS 0x0000000087500000, 0x0000000087500000| Untracked 
| 108|0x0000000087600000, 0x0000000087600000, 0x0000000087700000|  0%| F|  |TAMS 0x0000000087600000, 0x0000000087600000| Untracked 
| 109|0x0000000087700000, 0x0000000087700000, 0x0000000087800000|  0%| F|  |TAMS 0x0000000087700000, 0x0000000087700000| Untracked 
| 110|0x0000000087800000, 0x0000000087800000, 0x0000000087900000|  0%| F|  |TAMS 0x0000000087800000, 0x0000000087800000| Untracked 
| 111|0x0000000087900000, 0x0000000087900000, 0x0000000087a00000|  0%| F|  |TAMS 0x0000000087900000, 0x0000000087900000| Untracked 
| 112|0x0000000087a00000, 0x0000000087a00000, 0x0000000087b00000|  0%| F|  |TAMS 0x0000000087a00000, 0x0000000087a00000| Untracked 
| 113|0x0000000087b00000, 0x0000000087b00000, 0x0000000087c00000|  0%| F|  |TAMS 0x0000000087b00000, 0x0000000087b00000| Untracked 
| 114|0x0000000087c00000, 0x0000000087c00000, 0x0000000087d00000|  0%| F|  |TAMS 0x0000000087c00000, 0x0000000087c00000| Untracked 
| 115|0x0000000087d00000, 0x0000000087d00000, 0x0000000087e00000|  0%| F|  |TAMS 0x0000000087d00000, 0x0000000087d00000| Untracked 
| 116|0x0000000087e00000, 0x0000000087e00000, 0x0000000087f00000|  0%| F|  |TAMS 0x0000000087e00000, 0x0000000087e00000| Untracked 
| 117|0x0000000087f00000, 0x0000000087f00000, 0x0000000088000000|  0%| F|  |TAMS 0x0000000087f00000, 0x0000000087f00000| Untracked 
| 118|0x0000000088000000, 0x0000000088000000, 0x0000000088100000|  0%| F|  |TAMS 0x0000000088000000, 0x0000000088000000| Untracked 
| 119|0x0000000088100000, 0x0000000088100000, 0x0000000088200000|  0%| F|  |TAMS 0x0000000088100000, 0x0000000088100000| Untracked 
| 120|0x0000000088200000, 0x0000000088200000, 0x0000000088300000|  0%| F|  |TAMS 0x0000000088200000, 0x0000000088200000| Untracked 
| 121|0x0000000088300000, 0x0000000088300000, 0x0000000088400000|  0%| F|  |TAMS 0x0000000088300000, 0x0000000088300000| Untracked 
| 122|0x0000000088400000, 0x0000000088400000, 0x0000000088500000|  0%| F|  |TAMS 0x0000000088400000, 0x0000000088400000| Untracked 
| 123|0x0000000088500000, 0x0000000088500000, 0x0000000088600000|  0%| F|  |TAMS 0x0000000088500000, 0x0000000088500000| Untracked 
| 124|0x0000000088600000, 0x0000000088600000, 0x0000000088700000|  0%| F|  |TAMS 0x0000000088600000, 0x0000000088600000| Untracked 
| 125|0x0000000088700000, 0x0000000088700000, 0x0000000088800000|  0%| F|  |TAMS 0x0000000088700000, 0x0000000088700000| Untracked 
| 126|0x0000000088800000, 0x0000000088800000, 0x0000000088900000|  0%| F|  |TAMS 0x0000000088800000, 0x0000000088800000| Untracked 
| 127|0x0000000088900000, 0x0000000088900000, 0x0000000088a00000|  0%| F|  |TAMS 0x0000000088900000, 0x0000000088900000| Untracked 
| 128|0x0000000088a00000, 0x0000000088a00000, 0x0000000088b00000|  0%| F|  |TAMS 0x0000000088a00000, 0x0000000088a00000| Untracked 
| 129|0x0000000088b00000, 0x0000000088b00000, 0x0000000088c00000|  0%| F|  |TAMS 0x0000000088b00000, 0x0000000088b00000| Untracked 
| 130|0x0000000088c00000, 0x0000000088c00000, 0x0000000088d00000|  0%| F|  |TAMS 0x0000000088c00000, 0x0000000088c00000| Untracked 
| 131|0x0000000088d00000, 0x0000000088d00000, 0x0000000088e00000|  0%| F|  |TAMS 0x0000000088d00000, 0x0000000088d00000| Untracked 
| 132|0x0000000088e00000, 0x0000000088e00000, 0x0000000088f00000|  0%| F|  |TAMS 0x0000000088e00000, 0x0000000088e00000| Untracked 
| 133|0x0000000088f00000, 0x0000000088f00000, 0x0000000089000000|  0%| F|  |TAMS 0x0000000088f00000, 0x0000000088f00000| Untracked 
| 134|0x0000000089000000, 0x0000000089000000, 0x0000000089100000|  0%| F|  |TAMS 0x0000000089000000, 0x0000000089000000| Untracked 
| 135|0x0000000089100000, 0x000000008917b758, 0x0000000089200000| 48%| S|CS|TAMS 0x0000000089100000, 0x0000000089100000| Complete 
| 136|0x0000000089200000, 0x0000000089300000, 0x0000000089300000|100%| S|CS|TAMS 0x0000000089200000, 0x0000000089200000| Complete 
| 137|0x0000000089300000, 0x0000000089400000, 0x0000000089400000|100%| S|CS|TAMS 0x0000000089300000, 0x0000000089300000| Complete 
| 138|0x0000000089400000, 0x0000000089500000, 0x0000000089500000|100%| S|CS|TAMS 0x0000000089400000, 0x0000000089400000| Complete 
| 139|0x0000000089500000, 0x0000000089600000, 0x0000000089600000|100%| S|CS|TAMS 0x0000000089500000, 0x0000000089500000| Complete 
| 140|0x0000000089600000, 0x0000000089700000, 0x0000000089700000|100%| S|CS|TAMS 0x0000000089600000, 0x0000000089600000| Complete 
| 141|0x0000000089700000, 0x0000000089700000, 0x0000000089800000|  0%| F|  |TAMS 0x0000000089700000, 0x0000000089700000| Untracked 
| 142|0x0000000089800000, 0x0000000089800000, 0x0000000089900000|  0%| F|  |TAMS 0x0000000089800000, 0x0000000089800000| Untracked 
| 143|0x0000000089900000, 0x0000000089900000, 0x0000000089a00000|  0%| F|  |TAMS 0x0000000089900000, 0x0000000089900000| Untracked 
| 144|0x0000000089a00000, 0x0000000089a00000, 0x0000000089b00000|  0%| F|  |TAMS 0x0000000089a00000, 0x0000000089a00000| Untracked 
| 145|0x0000000089b00000, 0x0000000089b00000, 0x0000000089c00000|  0%| F|  |TAMS 0x0000000089b00000, 0x0000000089b00000| Untracked 
| 146|0x0000000089c00000, 0x0000000089c00000, 0x0000000089d00000|  0%| F|  |TAMS 0x0000000089c00000, 0x0000000089c00000| Untracked 
| 147|0x0000000089d00000, 0x0000000089d00000, 0x0000000089e00000|  0%| F|  |TAMS 0x0000000089d00000, 0x0000000089d00000| Untracked 
| 148|0x0000000089e00000, 0x0000000089e00000, 0x0000000089f00000|  0%| F|  |TAMS 0x0000000089e00000, 0x0000000089e00000| Untracked 
| 149|0x0000000089f00000, 0x0000000089f00000, 0x000000008a000000|  0%| F|  |TAMS 0x0000000089f00000, 0x0000000089f00000| Untracked 
| 150|0x000000008a000000, 0x000000008a000000, 0x000000008a100000|  0%| F|  |TAMS 0x000000008a000000, 0x000000008a000000| Untracked 
| 151|0x000000008a100000, 0x000000008a100000, 0x000000008a200000|  0%| F|  |TAMS 0x000000008a100000, 0x000000008a100000| Untracked 
| 152|0x000000008a200000, 0x000000008a200000, 0x000000008a300000|  0%| F|  |TAMS 0x000000008a200000, 0x000000008a200000| Untracked 
| 153|0x000000008a300000, 0x000000008a300000, 0x000000008a400000|  0%| F|  |TAMS 0x000000008a300000, 0x000000008a300000| Untracked 

Card table byte_map: [0x000001d8608f0000,0x000001d860cf0000] _byte_map_base: 0x000001d8604eb000

Marking Bits (Prev, Next): (CMBitMap*) 0x000001d84921a5c8, (CMBitMap*) 0x000001d84921a600
 Prev Bits: [0x000001d8610f0000, 0x000001d8630c8000)
 Next Bits: [0x000001d8630d0000, 0x000001d8650a8000)

Polling page: 0x000001d8489a0000

Metaspace:

Usage:
  Non-class:     50.89 MB capacity,    50.15 MB ( 99%) used,   586.02 KB (  1%) free+waste,   167.25 KB ( <1%) overhead. 
      Class:      7.73 MB capacity,     7.21 MB ( 93%) used,   452.63 KB (  6%) free+waste,    78.56 KB ( <1%) overhead. 
       Both:     58.61 MB capacity,    57.36 MB ( 98%) used,     1.01 MB (  2%) free+waste,   245.81 KB ( <1%) overhead. 

Virtual space:
  Non-class space:       52.00 MB reserved,      51.00 MB ( 98%) committed 
      Class space:        1.00 GB reserved,       7.75 MB ( <1%) committed 
             Both:        1.05 GB reserved,      58.75 MB (  5%) committed 

Chunk freelists:
   Non-Class:  6.63 KB
       Class:  2.75 KB
        Both:  9.38 KB

CodeHeap 'non-profiled nmethods': size=120064Kb used=2719Kb max_used=2719Kb free=117344Kb
 bounds [0x000001d858fb0000, 0x000001d859260000, 0x000001d8604f0000]
CodeHeap 'profiled nmethods': size=120000Kb used=10868Kb max_used=10868Kb free=109131Kb
 bounds [0x000001d851a80000, 0x000001d852530000, 0x000001d858fb0000]
CodeHeap 'non-nmethods': size=5696Kb used=1243Kb max_used=1280Kb free=4452Kb
 bounds [0x000001d8514f0000, 0x000001d851760000, 0x000001d851a80000]
 total_blobs=6668 nmethods=4661 adapters=530
 compilation: enabled
              stopped_count=0, restarted_count=0
 full_count=0

Compilation events (10 events):
Event: 6.475 Thread 0x000001d8675d9000 4905       3       org.hibernate.annotations.common.reflection.java.generics.IdentityTypeEnvironment::bind (2 bytes)
Event: 6.475 Thread 0x000001d8675d9000 nmethod 4905 0x000001d85251ff10 code [0x000001d8525200c0, 0x000001d852520218]
Event: 6.488 Thread 0x000001d8675d9000 4907       1       org.hibernate.annotations.common.reflection.java.JavaXType::approximate (5 bytes)
Event: 6.488 Thread 0x000001d8675d9000 nmethod 4907 0x000001d859257a10 code [0x000001d859257bc0, 0x000001d859257cd8]
Event: 6.488 Thread 0x000001d8675d9000 4908       3       org.hibernate.annotations.common.reflection.java.JavaXMember::getAnnotation (6 bytes)
Event: 6.489 Thread 0x000001d8675d9000 nmethod 4908 0x000001d852520290 code [0x000001d8525204c0, 0x000001d852520be0]
Event: 6.489 Thread 0x000001d8675d9000 4909       3       org.jboss.logging.Log4j2Logger::isEnabled (12 bytes)
Event: 6.489 Thread 0x000001d8675d9000 nmethod 4909 0x000001d852520e90 code [0x000001d852521080, 0x000001d852521500]
Event: 6.489 Thread 0x000001d8675d9000 4910       3       org.hibernate.annotations.common.reflection.java.JavaReflectionManager::toXClass (23 bytes)
Event: 6.489 Thread 0x000001d8675d9000 nmethod 4910 0x000001d852521690 code [0x000001d852521880, 0x000001d852521e00]

GC Heap History (10 events):
Event: 2.128 GC heap after
{Heap after GC invocations=5 (full 0):
 garbage-first heap   total 131072K, used 11125K [0x0000000080a00000, 0x0000000100000000)
  region size 1024K, 6 young (6144K), 6 survivors (6144K)
 Metaspace       used 30907K, capacity 31600K, committed 31872K, reserved 1077248K
  class space    used 3611K, capacity 3903K, committed 3968K, reserved 1048576K
}
Event: 2.765 GC heap before
{Heap before GC invocations=5 (full 0):
 garbage-first heap   total 131072K, used 81781K [0x0000000080a00000, 0x0000000100000000)
  region size 1024K, 76 young (77824K), 6 survivors (6144K)
 Metaspace       used 34426K, capacity 35348K, committed 35456K, reserved 1081344K
  class space    used 4037K, capacity 4398K, committed 4480K, reserved 1048576K
}
Event: 2.773 GC heap after
{Heap after GC invocations=6 (full 0):
 garbage-first heap   total 157696K, used 12895K [0x0000000080a00000, 0x0000000100000000)
  region size 1024K, 5 young (5120K), 5 survivors (5120K)
 Metaspace       used 34426K, capacity 35348K, committed 35456K, reserved 1081344K
  class space    used 4037K, capacity 4398K, committed 4480K, reserved 1048576K
}
Event: 2.849 GC heap before
{Heap before GC invocations=6 (full 0):
 garbage-first heap   total 157696K, used 15967K [0x0000000080a00000, 0x0000000100000000)
  region size 1024K, 9 young (9216K), 5 survivors (5120K)
 Metaspace       used 34894K, capacity 35748K, committed 35840K, reserved 1081344K
  class space    used 4100K, capacity 4445K, committed 4480K, reserved 1048576K
}
Event: 2.856 GC heap after
{Heap after GC invocations=7 (full 0):
 garbage-first heap   total 157696K, used 13126K [0x0000000080a00000, 0x0000000100000000)
  region size 1024K, 5 young (5120K), 5 survivors (5120K)
 Metaspace       used 34894K, capacity 35748K, committed 35840K, reserved 1081344K
  class space    used 4100K, capacity 4445K, committed 4480K, reserved 1048576K
}
Event: 4.744 GC heap before
{Heap before GC invocations=8 (full 0):
 garbage-first heap   total 157696K, used 95046K [0x0000000080a00000, 0x0000000100000000)
  region size 1024K, 85 young (87040K), 5 survivors (5120K)
 Metaspace       used 44749K, capacity 45930K, committed 46080K, reserved 1089536K
  class space    used 5528K, capacity 6017K, committed 6144K, reserved 1048576K
}
Event: 4.752 GC heap after
{Heap after GC invocations=9 (full 0):
 garbage-first heap   total 157696K, used 17245K [0x0000000080a00000, 0x0000000100000000)
  region size 1024K, 9 young (9216K), 9 survivors (9216K)
 Metaspace       used 44749K, capacity 45930K, committed 46080K, reserved 1089536K
  class space    used 5528K, capacity 6017K, committed 6144K, reserved 1048576K
}
Event: 6.325 GC heap before
{Heap before GC invocations=9 (full 0):
 garbage-first heap   total 157696K, used 101213K [0x0000000080a00000, 0x0000000100000000)
  region size 1024K, 91 young (93184K), 9 survivors (9216K)
 Metaspace       used 57498K, capacity 58837K, committed 59008K, reserved 1099776K
  class space    used 7213K, capacity 7754K, committed 7808K, reserved 1048576K
}
Event: 6.335 GC heap after
{Heap after GC invocations=10 (full 0):
 garbage-first heap   total 157696K, used 21775K [0x0000000080a00000, 0x0000000100000000)
  region size 1024K, 10 young (10240K), 10 survivors (10240K)
 Metaspace       used 57498K, capacity 58837K, committed 59008K, reserved 1099776K
  class space    used 7213K, capacity 7754K, committed 7808K, reserved 1048576K
}
Event: 6.490 GC heap before
{Heap before GC invocations=10 (full 0):
 garbage-first heap   total 157696K, used 34063K [0x0000000080a00000, 0x0000000100000000)
  region size 1024K, 23 young (23552K), 10 survivors (10240K)
 Metaspace       used 58736K, capacity 60021K, committed 60160K, reserved 1101824K
  class space    used 7382K, capacity 7914K, committed 7936K, reserved 1048576K
}

Deoptimization events (10 events):
Event: 6.347 Thread 0x000001d8491da800 Uncommon trap: reason=speculate_class_check action=maybe_recompile pc=0x000001d859227ca8 method=jdk.internal.loader.Resource.getBytes()[B @ 10 c2
Event: 6.355 Thread 0x000001d8491da800 Uncommon trap: reason=bimorphic_or_optimized_type_check action=maybe_recompile pc=0x000001d859193f54 method=java.lang.ClassLoader.loadClass(Ljava/lang/String;)Ljava/lang/Class; @ 3 c2
Event: 6.356 Thread 0x000001d8491da800 Uncommon trap: reason=speculate_class_check action=maybe_recompile pc=0x000001d859227ca8 method=jdk.internal.loader.Resource.getBytes()[B @ 10 c2
Event: 6.357 Thread 0x000001d8491da800 Uncommon trap: reason=speculate_class_check action=maybe_recompile pc=0x000001d859227ca8 method=jdk.internal.loader.Resource.getBytes()[B @ 10 c2
Event: 6.359 Thread 0x000001d8491da800 Uncommon trap: reason=speculate_class_check action=maybe_recompile pc=0x000001d859227ca8 method=jdk.internal.loader.Resource.getBytes()[B @ 10 c2
Event: 6.414 Thread 0x000001d8491da800 Uncommon trap: reason=class_check action=maybe_recompile pc=0x000001d85924a654 method=java.util.TreeMap.getEntry(Ljava/lang/Object;)Ljava/util/TreeMap$Entry; @ 26 c2
Event: 6.414 Thread 0x000001d8491da800 Uncommon trap: reason=class_check action=maybe_recompile pc=0x000001d85924a654 method=java.util.TreeMap.getEntry(Ljava/lang/Object;)Ljava/util/TreeMap$Entry; @ 26 c2
Event: 6.450 Thread 0x000001d8491da800 Uncommon trap: reason=null_check action=make_not_entrant pc=0x000001d85918f39c method=java.lang.Class.createAnnotationData(I)Ljava/lang/Class$AnnotationData; @ 14 c2
Event: 6.461 Thread 0x000001d8491da800 Uncommon trap: reason=class_check action=maybe_recompile pc=0x000001d85924a654 method=java.util.TreeMap.getEntry(Ljava/lang/Object;)Ljava/util/TreeMap$Entry; @ 26 c2
Event: 6.461 Thread 0x000001d8491da800 Uncommon trap: reason=class_check action=maybe_recompile pc=0x000001d85924a654 method=java.util.TreeMap.getEntry(Ljava/lang/Object;)Ljava/util/TreeMap$Entry; @ 26 c2

Classes redefined (0 events):
No events

Internal exceptions (10 events):
Event: 4.525 Thread 0x000001d8491da800 Exception <a 'java/lang/NoSuchMethodError'{0x000000008594a730}: java.lang.invoke.DirectMethodHandle$Holder.invokeStatic(Ljava/lang/Object;Ljava/lang/Object;)D> (0x000000008594a730) thrown at [t:/workspace/open/src/hotspot/share/interpreter/linkResolver.cp
Event: 4.539 Thread 0x000001d8491da800 Exception <a 'java/lang/NoSuchMethodError'{0x00000000859cf378}: java.lang.invoke.DirectMethodHandle$Holder.invokeSpecial(Ljava/lang/Object;Ljava/lang/Object;Ljava/lang/Object;)D> (0x00000000859cf378) thrown at [t:/workspace/open/src/hotspot/share/interpre
Event: 4.555 Thread 0x000001d8491da800 Exception <a 'java/lang/NoSuchMethodError'{0x00000000858575a0}: java.lang.invoke.DirectMethodHandle$Holder.invokeVirtual(Ljava/lang/Object;Ljava/lang/Object;Ljava/lang/Object;Ljava/lang/Object;)V> (0x00000000858575a0) thrown at [t:/workspace/open/src/hots
Event: 4.753 Thread 0x000001d8681eb000 Implicit null exception at 0x000001d859056380 to 0x000001d85905814a
Event: 4.876 Thread 0x000001d8491da800 Implicit null exception at 0x000001d85912c257 to 0x000001d85912c446
Event: 5.231 Thread 0x000001d8491da800 Exception <a 'java/lang/NoSuchMethodError'{0x0000000088d4bf08}: java.lang.invoke.DirectMethodHandle$Holder.invokeStaticInit(Ljava/lang/Object;Ljava/lang/Object;Ljava/lang/Object;Ljava/lang/Object;)I> (0x0000000088d4bf08) thrown at [t:/workspace/open/src/h
Event: 5.237 Thread 0x000001d8491da800 Exception <a 'sun/nio/fs/WindowsException'{0x0000000088d7e6c0}> (0x0000000088d7e6c0) thrown at [t:/workspace/open/src/hotspot/share/prims/jni.cpp, line 615]
Event: 5.446 Thread 0x000001d8491da800 Implicit null exception at 0x000001d859049914 to 0x000001d859049ea6
Event: 5.446 Thread 0x000001d8491da800 Implicit null exception at 0x000001d859044894 to 0x000001d859044e02
Event: 6.450 Thread 0x000001d8491da800 Implicit null exception at 0x000001d85918dd69 to 0x000001d85918f386

Events (10 events):
Event: 6.487 loading class org/hibernate/annotations/common/reflection/java/JavaXCollectionType$1 done
Event: 6.488 loading class org/hibernate/cfg/WrappedInferredData
Event: 6.488 loading class org/hibernate/cfg/WrappedInferredData done
Event: 6.488 loading class javax/persistence/MapKeyColumn
Event: 6.488 loading class javax/persistence/MapKeyColumn done
Event: 6.489 loading class javax/persistence/MapKeyJoinColumns
Event: 6.489 loading class javax/persistence/MapKeyJoinColumns done
Event: 6.490 loading class javax/persistence/MapKeyJoinColumn
Event: 6.490 loading class javax/persistence/MapKeyJoinColumn done
Event: 6.490 Executing VM operation: CollectForMetadataAllocation


Dynamic libraries:
0x00007ff6144f0000 - 0x00007ff614537000 	C:\Program Files\Java\jdk-11.0.2\bin\javaw.exe
0x00007ffd8cfc0000 - 0x00007ffd8d1b0000 	C:\WINDOWS\SYSTEM32\ntdll.dll
0x00007ffd8bea0000 - 0x00007ffd8bf52000 	C:\WINDOWS\System32\KERNEL32.DLL
0x00007ffd8adc0000 - 0x00007ffd8b065000 	C:\WINDOWS\System32\KERNELBASE.dll
0x00007ffd8ca70000 - 0x00007ffd8cb13000 	C:\WINDOWS\System32\ADVAPI32.dll
0x00007ffd8b480000 - 0x00007ffd8b51e000 	C:\WINDOWS\System32\msvcrt.dll
0x00007ffd8cee0000 - 0x00007ffd8cf77000 	C:\WINDOWS\System32\sechost.dll
0x00007ffd8b070000 - 0x00007ffd8b190000 	C:\WINDOWS\System32\RPCRT4.dll
0x00007ffd8b5e0000 - 0x00007ffd8b775000 	C:\WINDOWS\System32\USER32.dll
0x00007ffd8a3d0000 - 0x00007ffd8a3f1000 	C:\WINDOWS\System32\win32u.dll
0x00007ffd8c9d0000 - 0x00007ffd8c9f6000 	C:\WINDOWS\System32\GDI32.dll
0x00007ffd8ac20000 - 0x00007ffd8adb6000 	C:\WINDOWS\System32\gdi32full.dll
0x00007ffd8ab80000 - 0x00007ffd8ac1e000 	C:\WINDOWS\System32\msvcp_win.dll
0x00007ffd8a1d0000 - 0x00007ffd8a2ca000 	C:\WINDOWS\System32\ucrtbase.dll
0x00007ffd81e10000 - 0x00007ffd82094000 	C:\WINDOWS\WinSxS\amd64_microsoft.windows.common-controls_6595b64144ccf1df_6.0.18362.1082_none_9e8193e1e45b25c1\COMCTL32.dll
0x00007ffd8cb20000 - 0x00007ffd8ce55000 	C:\WINDOWS\System32\combase.dll
0x00007ffd8a150000 - 0x00007ffd8a1d0000 	C:\WINDOWS\System32\bcryptPrimitives.dll
0x00007ffd82970000 - 0x00007ffd8297a000 	C:\WINDOWS\SYSTEM32\VERSION.dll
0x00007ffd8b780000 - 0x00007ffd8b7ae000 	C:\WINDOWS\System32\IMM32.DLL
0x00007ffd7c9b0000 - 0x00007ffd7c9c6000 	C:\Program Files\Java\jdk-11.0.2\bin\vcruntime140.dll
0x00007ffd721f0000 - 0x00007ffd7229a000 	C:\Program Files\Java\jdk-11.0.2\bin\msvcp140.dll
0x00007ffd37a70000 - 0x00007ffd38597000 	C:\Program Files\Java\jdk-11.0.2\bin\server\jvm.dll
0x00007ffd8b3a0000 - 0x00007ffd8b3a8000 	C:\WINDOWS\System32\PSAPI.DLL
0x00007ffd86600000 - 0x00007ffd86624000 	C:\WINDOWS\SYSTEM32\WINMM.dll
0x00007ffd86210000 - 0x00007ffd86219000 	C:\WINDOWS\SYSTEM32\WSOCK32.dll
0x00007ffd8ca00000 - 0x00007ffd8ca6f000 	C:\WINDOWS\System32\WS2_32.dll
0x00007ffd865d0000 - 0x00007ffd865fd000 	C:\WINDOWS\SYSTEM32\WINMMBASE.dll
0x00007ffd8a380000 - 0x00007ffd8a3ca000 	C:\WINDOWS\System32\cfgmgr32.dll
0x00007ffd89eb0000 - 0x00007ffd89ec1000 	C:\WINDOWS\System32\kernel.appcore.dll
0x00007ffd77180000 - 0x00007ffd77191000 	C:\Program Files\Java\jdk-11.0.2\bin\verify.dll
0x00007ffd82770000 - 0x00007ffd82964000 	C:\WINDOWS\SYSTEM32\DBGHELP.DLL
0x00007ffd82700000 - 0x00007ffd8272a000 	C:\WINDOWS\SYSTEM32\dbgcore.DLL
0x00007ffd72140000 - 0x00007ffd72169000 	C:\Program Files\Java\jdk-11.0.2\bin\java.dll
0x00007ffd72ba0000 - 0x00007ffd72bb6000 	C:\Program Files\Java\jdk-11.0.2\bin\zip.dll
0x00007ffd7c8b0000 - 0x00007ffd7c8ba000 	C:\Program Files\Java\jdk-11.0.2\bin\jimage.dll
0x00007ffd8b7b0000 - 0x00007ffd8be97000 	C:\WINDOWS\System32\SHELL32.dll
0x00007ffd8c460000 - 0x00007ffd8c509000 	C:\WINDOWS\System32\shcore.dll
0x00007ffd8a400000 - 0x00007ffd8ab80000 	C:\WINDOWS\System32\windows.storage.dll
0x00007ffd89ed0000 - 0x00007ffd89ef3000 	C:\WINDOWS\System32\profapi.dll
0x00007ffd89f00000 - 0x00007ffd89f4a000 	C:\WINDOWS\System32\powrprof.dll
0x00007ffd89e80000 - 0x00007ffd89e90000 	C:\WINDOWS\System32\UMPDC.dll
0x00007ffd8c6c0000 - 0x00007ffd8c712000 	C:\WINDOWS\System32\shlwapi.dll
0x00007ffd8a360000 - 0x00007ffd8a377000 	C:\WINDOWS\System32\cryptsp.dll
0x00007ffd72120000 - 0x00007ffd72139000 	C:\Program Files\Java\jdk-11.0.2\bin\net.dll
0x00007ffd82d90000 - 0x00007ffd82e80000 	C:\WINDOWS\SYSTEM32\WINHTTP.dll
0x00007ffd80890000 - 0x00007ffd80a66000 	C:\WINDOWS\SYSTEM32\urlmon.dll
0x00007ffd805e0000 - 0x00007ffd80886000 	C:\WINDOWS\SYSTEM32\iertutil.dll
0x00007ffd89800000 - 0x00007ffd8980c000 	C:\WINDOWS\SYSTEM32\CRYPTBASE.DLL
0x00007ffd89680000 - 0x00007ffd896e7000 	C:\WINDOWS\system32\mswsock.dll
0x00007ffd71fd0000 - 0x00007ffd71fe3000 	C:\Program Files\Java\jdk-11.0.2\bin\nio.dll
0x00007ffd7c8a0000 - 0x00007ffd7c8a9000 	C:\Program Files\Java\jdk-11.0.2\bin\management.dll
0x00007ffd7c890000 - 0x00007ffd7c89c000 	C:\Program Files\Java\jdk-11.0.2\bin\management_ext.dll
0x00007ffd78dc0000 - 0x00007ffd78dd6000 	C:\WINDOWS\system32\napinsp.dll
0x00007ffd78d60000 - 0x00007ffd78d7a000 	C:\WINDOWS\system32\pnrpnsp.dll
0x00007ffd893e0000 - 0x00007ffd894ab000 	C:\WINDOWS\SYSTEM32\DNSAPI.dll
0x00007ffd8b5d0000 - 0x00007ffd8b5d8000 	C:\WINDOWS\System32\NSI.dll
0x00007ffd893a0000 - 0x00007ffd893da000 	C:\WINDOWS\SYSTEM32\IPHLPAPI.DLL
0x00007ffd79b40000 - 0x00007ffd79b4e000 	C:\WINDOWS\System32\winrnr.dll
0x00007ffd86a70000 - 0x00007ffd86a8c000 	C:\WINDOWS\system32\NLAapi.dll
0x00007ffd79b00000 - 0x00007ffd79b15000 	C:\WINDOWS\system32\wshbth.dll
0x00007ffd82640000 - 0x00007ffd8264a000 	C:\Windows\System32\rasadhlp.dll
0x00007ffd840d0000 - 0x00007ffd84147000 	C:\WINDOWS\System32\fwpuclnt.dll
0x00007ffd8a330000 - 0x00007ffd8a356000 	C:\WINDOWS\System32\bcrypt.dll
0x00007ffd89200000 - 0x00007ffd89233000 	C:\WINDOWS\system32\rsaenh.dll
0x00007ffd89da0000 - 0x00007ffd89dc5000 	C:\WINDOWS\SYSTEM32\USERENV.dll
0x00007ffd83f90000 - 0x00007ffd83fa6000 	C:\WINDOWS\SYSTEM32\dhcpcsvc6.DLL
0x00007ffd844a0000 - 0x00007ffd844bc000 	C:\WINDOWS\SYSTEM32\dhcpcsvc.DLL
0x00007ffd7c9a0000 - 0x00007ffd7c9ad000 	C:\Program Files\Java\jdk-11.0.2\bin\sunmscapi.dll
0x00007ffd89f50000 - 0x00007ffd8a099000 	C:\WINDOWS\System32\CRYPT32.dll
0x00007ffd89e90000 - 0x00007ffd89ea2000 	C:\WINDOWS\System32\MSASN1.dll
0x00007ffd89900000 - 0x00007ffd89926000 	C:\WINDOWS\SYSTEM32\ncrypt.dll
0x00007ffd898c0000 - 0x00007ffd898fb000 	C:\WINDOWS\SYSTEM32\NTASN1.dll
0x00007ffd7c920000 - 0x00007ffd7c947000 	C:\Program Files\Java\jdk-11.0.2\bin\sunec.dll

dbghelp: loaded successfully - version: 4.0.5 - missing functions: none
symbol engine: initialized successfully - sym options: 0x614 - pdb path: .;C:\Program Files\Java\jdk-11.0.2\bin;C:\WINDOWS\SYSTEM32;C:\WINDOWS\WinSxS\amd64_microsoft.windows.common-controls_6595b64144ccf1df_6.0.18362.1082_none_9e8193e1e45b25c1;C:\Program Files\Java\jdk-11.0.2\bin\server

VM Arguments:
jvm_args: -Dfile.encoding=UTF-8 
java_command: com.zio.main.Main
java_class_path (initial): C:\Users\tonio\eclipse-workspace\testowy-workspace\dziwnyProjektNaZio\target\classes;C:\Users\tonio\.m2\repository\org\springframework\boot\spring-boot-starter-web-services\2.3.5.RELEASE\spring-boot-starter-web-services-2.3.5.RELEASE.jar;C:\Users\tonio\.m2\repository\com\sun\xml\messaging\saaj\saaj-impl\1.5.2\saaj-impl-1.5.2.jar;C:\Users\tonio\.m2\repository\jakarta\xml\soap\jakarta.xml.soap-api\1.4.2\jakarta.xml.soap-api-1.4.2.jar;C:\Users\tonio\.m2\repository\org\jvnet\staxex\stax-ex\1.8.3\stax-ex-1.8.3.jar;C:\Users\tonio\.m2\repository\com\sun\activation\jakarta.activation\1.2.2\jakarta.activation-1.2.2.jar;C:\Users\tonio\.m2\repository\jakarta\xml\ws\jakarta.xml.ws-api\2.3.3\jakarta.xml.ws-api-2.3.3.jar;C:\Users\tonio\.m2\repository\jakarta\jws\jakarta.jws-api\2.1.0\jakarta.jws-api-2.1.0.jar;C:\Users\tonio\.m2\repository\org\springframework\spring-oxm\5.2.10.RELEASE\spring-oxm-5.2.10.RELEASE.jar;C:\Users\tonio\.m2\repository\org\springframework\ws\spring-ws-core\3.0.10.RELEASE\spring-ws-core-3.0.10.RELEASE.jar;C:\Users\tonio\.m2\repository\org\springframework\ws\spring-xml\3.0.10.RELEASE\spring-xml-3.0.10.RELEASE.jar;C:\Users\tonio\.m2\repository\org\springframework\spring-aop\5.2.10.RELEASE\spring-aop-5.2.10.RELEASE.jar;C:\Users\tonio\.m2\repository\wsdl4j\wsdl4j\1.6.3\wsdl4j-1.6.3.jar;C:\Users\tonio\.m2\repository\org\springframework\boot\spring-boot-starter-jersey\2.3.5.RELEASE\spring-boot-starter-jersey-2.3.5.RELEASE.jar;C:\Users\tonio\.m2\repository\org\springframework\boot\spring-boot-starter-json\2.3.5.RELEASE\spring-boot-starter-json-2.3.5.RELEASE.jar;C:\Users\tonio\.m2\repository\com\fasterxml\jackson\core\jackson-databind\2.11.3\jackson-databind-2.11.3.jar;C:\Users\tonio\.m2\repository\com\fasterxml\jackson\core\jackson-core\2.11.3\jackson-core-2.11.3.jar;C:\Users\tonio\.m2\repository\com\fasterxml\jackson\datatype\jackson-datatype-jdk8\2.11.3\jackson-datatype-jdk8-2.11.3.jar;C:\Users\tonio\.m2\repository\com\fasterxml\jack
Launcher Type: SUN_STANDARD

[Global flags]
     intx CICompilerCount                          = 3                                         {product} {ergonomic}
     uint ConcGCThreads                            = 1                                         {product} {ergonomic}
     uint G1ConcRefinementThreads                  = 4                                         {product} {ergonomic}
   size_t G1HeapRegionSize                         = 1048576                                   {product} {ergonomic}
    uintx GCDrainStackTargetSize                   = 64                                        {product} {ergonomic}
   size_t InitialHeapSize                          = 134217728                                 {product} {ergonomic}
   size_t MarkStackSize                            = 4194304                                   {product} {ergonomic}
   size_t MaxHeapSize                              = 2136997888                                {product} {ergonomic}
   size_t MaxNewSize                               = 1281359872                                {product} {ergonomic}
   size_t MinHeapDeltaBytes                        = 1048576                                   {product} {ergonomic}
    uintx NonNMethodCodeHeapSize                   = 5830092                                {pd product} {ergonomic}
    uintx NonProfiledCodeHeapSize                  = 122914074                              {pd product} {ergonomic}
    uintx ProfiledCodeHeapSize                     = 122914074                              {pd product} {ergonomic}
    uintx ReservedCodeCacheSize                    = 251658240                              {pd product} {ergonomic}
     bool SegmentedCodeCache                       = true                                      {product} {ergonomic}
     bool UseCompressedClassPointers               = true                                 {lp64_product} {ergonomic}
     bool UseCompressedOops                        = true                                 {lp64_product} {ergonomic}
     bool UseG1GC                                  = true                                      {product} {ergonomic}
     bool UseLargePagesIndividualAllocation        = false                                  {pd product} {ergonomic}

Logging:
Log output configuration:
 #0: stdout all=warning uptime,level,tags
 #1: stderr all=off uptime,level,tags

Environment Variables:
PATH=C:/Program Files/Java/jdk-11.0.2/bin/server;C:/Program Files/Java/jdk-11.0.2/bin;C:\oraclexe\app\oracle\product\11.2.0\server\bin;;C:\Program Files (x86)\NVIDIA Corporation\PhysX\Common;C:\Program Files (x86)\Common Files\Oracle\Java\javapath;C:\WINDOWS\system32;C:\WINDOWS;C:\WINDOWS\System32\Wbem;C:\WINDOWS\System32\WindowsPowerShell\v1.0\;C:\WINDOWS\System32\OpenSSH\;C:\TDM-GCC-64\bin;C:\Program Files\nodejs\;C:\Program Files\Git\cmd;C:\Program Files\PuTTY\;C:\Program Files\Docker\Docker\resources\bin;C:\ProgramData\DockerDesktop\version-bin;C:\Users\tonio\AppData\Local\Microsoft\WindowsApps;C:\Users\tonio\AppData\Local\Programs\Microsoft VS Code\bin;C:\Users\tonio\AppData\Roaming\npm;C:\Users\tonio\AppData\Local\GitHubDesktop\bin;C:\WINDOWS\system32;
USERNAME=tonio
OS=Windows_NT
PROCESSOR_IDENTIFIER=Intel64 Family 6 Model 58 Stepping 9, GenuineIntel



---------------  S Y S T E M  ---------------

OS: Windows 10 , 64 bit Build 18362 (10.0.18362.1082)

CPU:total 4 (initial active 4) (4 cores per cpu, 1 threads per core) family 6 model 58 stepping 9, cmov, cx8, fxsr, mmx, sse, sse2, sse3, ssse3, sse4.1, sse4.2, popcnt, avx, aes, clmul, erms, tsc, tscinvbit, tscinv

Memory: 4k page, system-wide physical 8147M (1164M free)
TotalPageFile size 14952M (AvailPageFile size 28M)
current process WorkingSet (physical memory assigned to process): 305M, peak: 305M
current process commit charge ("private bytes"): 365M, peak: 396M

vm_info: Java HotSpot(TM) 64-Bit Server VM (11.0.2+9-LTS) for windows-amd64 JRE (11.0.2+9-LTS), built on Jan 18 2019 05:24:10 by "mach5one" with MS VC++ 15.5 (VS2017)

END.
